<?xml version="1.0" encoding="UTF-8"?>
<!-- Generated by org.testng.reporters.JUnitReportReporter -->
<testsuite hostname="Rohit" failures="0" tests="1" name="com.MBX.testCase.TC_Login_001" time="15.792" errors="0" timestamp="2023-03-16T23:10:43 IST" skipped="0">
  <testcase classname="com.MBX.testCase.TC_Login_001" name="loginTest" time="15.792"/>
  <system-out/>
</testsuite> <!-- com.MBX.testCase.TC_Login_001 -->
